176
266 101
292 52
338 38
354 20
363 5
609 502
641 492
831 749
842 647
1156 1110
1199 1184
1430 1426
1519 1464
1580 1565
1591 1457
1620 1616
1731 1691
1732 1456
1801 1771
1840 1409
1858 1843
1994 1947
2031 1878
2037 1380
2063 1340
2086 2074
2120 2101
2201 2163
2290 2248
2339 2304
2392 2241
2425 2126
2649 2641
2654 2595
2663 2473
2669 2440
2701 2096
2835 2720
2839 2710
2846 1248
2855 1229
2954 2952
2967 2951
3194 3120
3329 3275
3356 3354
3393 3201
3402 3072
3414 3046
3531 3520
3690 3654
3913 3856
4134 4034
4136 3919
4462 4397
4529 4515
4723 4641
4731 4634
4790 4757
4839 4742
4979 4943
5108 5033
5124 4999
5257 5175
5259 5166
5395 5320
5456 5145
5480 4913
5510 4904
5534 4601
5539 4575
5575 5561
5581 4562
5609 5586
5623 5616
5674 5656
5682 5630
5685 4540
5815 5723
5841 5692
6058 6003
6059 5856
6068 4497
6075 4472
6101 4297
6144 6107
6270 6167
6292 6166
6293 6106
6328 4268
6371 4257
6422 6415
6470 6400
6491 4225
6492 4220
6617 6551
6645 6638
6690 6657
6763 6633
7041 6995
7043 6965
7049 6874
7064 6833
7094 6631
7110 6545
7121 4219
7146 4197
7164 4184
7407 7401
7410 7358
7464 7414
7509 7505
7664 7528
7666 7525
7688 7668
7780 7754
7839 7818
7888 7850
7976 7894
8055 7845
8064 7724
8069 7713
8092 7489
8161 7479
8313 8262
8325 7476
8334 7288
8354 7275
8357 7222
8418 8365
8436 8363
8450 7197
8488 7187
8616 8495
8666 8492
8669 4162
8671 3831
8678 3772
8792 8718
8835 8700
8902 8837
8916 8682
8917 3748
8941 3691
8961 3645
8969 3628
8970 3604
9006 3442
9039 3417
9055 3029
9073 2993
9088 2883
9174 9108
9185 2867
9196 1181
9197 1178
9209 1059
9298 9235
9515 9430
9535 9401
9545 9300
9566 9214
9587 1045
9616 9607
9706 9682
9708 9602
9751 9723
9758 9599
9842 9762
9853 931
9870 927
9876 900
9884 858
9899 844
9977 9925
9997 451
