169
173 171
174 126
177 97
187 178
386 333
411 323
602 486
771 743
1144 1095
1251 1237
1255 1198
1289 1173
1341 1310
1366 1054
1406 1371
1490 1435
1739 1678
1803 1752
1828 1607
1861 1601
1880 1585
1921 1523
1943 1509
2144 2059
2158 2021
2255 1995
2406 2356
2479 2335
2544 2507
2577 2565
2606 2500
2742 2683
2821 2744
2878 2662
2903 2634
2967 2914
2973 2482
2999 2321
3103 3055
3104 2319
3121 2282
3211 3159
3226 3212
3266 3135
3313 3125
3323 1958
3362 1506
3369 1370
3443 992
3461 972
3524 959
3550 953
3552 937
3656 3556
3662 905
3668 880
3720 3681
3724 854
3739 824
3774 780
3790 645
4212 4190
4307 4267
4332 4321
4486 4468
4682 4579
4734 4561
4957 4892
4992 4840
4999 4808
5006 4556
5107 5036
5114 5019
5169 4555
5295 4520
5351 4517
5485 5423
5564 5378
5592 4496
5599 4459
5619 4397
5632 4371
5894 5798
5897 5741
5921 5684
5985 5667
5994 4334
6181 6166
6335 6326
6432 6411
6455 6373
6542 6497
6595 6561
6750 6734
6841 6806
6907 6797
6955 6795
7174 7136
7178 7176
7186 7133
7220 7091
7243 7067
7310 7053
7345 7040
7416 6988
7423 6959
7442 6762
7539 7526
7555 7509
7560 7485
7581 6686
7732 7679
7846 7750
7870 7852
7990 7970
8065 7992
8132 8105
8211 7936
8322 8242
8386 8352
8414 8339
8499 8332
8570 8326
8596 7929
8626 7893
8683 7737
8689 7673
8775 7656
8821 7634
8850 7587
8932 6654
8948 6653
8949 6634
8958 6632
8999 6556
9017 6494
9027 6352
9035 6305
9041 6100
9054 6066
9059 6020
9064 4333
9086 4239
9138 4229
9175 4216
9194 4215
9198 4180
9240 9235
9286 9270
9320 9243
9431 4155
9439 4130
9491 4093
9506 4069
9523 9520
9563 4033
9622 3978
9684 3944
9710 3942
9712 3840
9720 612
9745 443
9787 424
9814 316
9816 255
9878 234
9901 41
9909 33
9914 5
