1500
1500 1499
1501 1498
1502 1497
1503 1496
1504 1495
1505 1494
1506 1493
1507 1492
1508 1491
1509 1490
1510 1489
1511 1488
1512 1487
1513 1486
1514 1485
1515 1484
1516 1483
1517 1482
1518 1481
1519 1480
1520 1479
1521 1478
1522 1477
1523 1476
1524 1475
1525 1474
1526 1473
1527 1472
1528 1471
1529 1470
1530 1469
1531 1468
1532 1467
1533 1466
1534 1465
1535 1464
1536 1463
1537 1462
1538 1461
1539 1460
1540 1459
1541 1458
1542 1457
1543 1456
1544 1455
1545 1454
1546 1453
1547 1452
1548 1451
1549 1450
1550 1449
1551 1448
1552 1447
1553 1446
1554 1445
1555 1444
1556 1443
1557 1442
1558 1441
1559 1440
1560 1439
1561 1438
1562 1437
1563 1436
1564 1435
1565 1434
1566 1433
1567 1432
1568 1431
1569 1430
1570 1429
1571 1428
1572 1427
1573 1426
1574 1425
1575 1424
1576 1423
1577 1422
1578 1421
1579 1420
1580 1419
1581 1418
1582 1417
1583 1416
1584 1415
1585 1414
1586 1413
1587 1412
1588 1411
1589 1410
1590 1409
1591 1408
1592 1407
1593 1406
1594 1405
1595 1404
1596 1403
1597 1402
1598 1401
1599 1400
1600 1399
1601 1398
1602 1397
1603 1396
1604 1395
1605 1394
1606 1393
1607 1392
1608 1391
1609 1390
1610 1389
1611 1388
1612 1387
1613 1386
1614 1385
1615 1384
1616 1383
1617 1382
1618 1381
1619 1380
1620 1379
1621 1378
1622 1377
1623 1376
1624 1375
1625 1374
1626 1373
1627 1372
1628 1371
1629 1370
1630 1369
1631 1368
1632 1367
1633 1366
1634 1365
1635 1364
1636 1363
1637 1362
1638 1361
1639 1360
1640 1359
1641 1358
1642 1357
1643 1356
1644 1355
1645 1354
1646 1353
1647 1352
1648 1351
1649 1350
1650 1349
1651 1348
1652 1347
1653 1346
1654 1345
1655 1344
1656 1343
1657 1342
1658 1341
1659 1340
1660 1339
1661 1338
1662 1337
1663 1336
1664 1335
1665 1334
1666 1333
1667 1332
1668 1331
1669 1330
1670 1329
1671 1328
1672 1327
1673 1326
1674 1325
1675 1324
1676 1323
1677 1322
1678 1321
1679 1320
1680 1319
1681 1318
1682 1317
1683 1316
1684 1315
1685 1314
1686 1313
1687 1312
1688 1311
1689 1310
1690 1309
1691 1308
1692 1307
1693 1306
1694 1305
1695 1304
1696 1303
1697 1302
1698 1301
1699 1300
1700 1299
1701 1298
1702 1297
1703 1296
1704 1295
1705 1294
1706 1293
1707 1292
1708 1291
1709 1290
1710 1289
1711 1288
1712 1287
1713 1286
1714 1285
1715 1284
1716 1283
1717 1282
1718 1281
1719 1280
1720 1279
1721 1278
1722 1277
1723 1276
1724 1275
1725 1274
1726 1273
1727 1272
1728 1271
1729 1270
1730 1269
1731 1268
1732 1267
1733 1266
1734 1265
1735 1264
1736 1263
1737 1262
1738 1261
1739 1260
1740 1259
1741 1258
1742 1257
1743 1256
1744 1255
1745 1254
1746 1253
1747 1252
1748 1251
1749 1250
1750 1249
1751 1248
1752 1247
1753 1246
1754 1245
1755 1244
1756 1243
1757 1242
1758 1241
1759 1240
1760 1239
1761 1238
1762 1237
1763 1236
1764 1235
1765 1234
1766 1233
1767 1232
1768 1231
1769 1230
1770 1229
1771 1228
1772 1227
1773 1226
1774 1225
1775 1224
1776 1223
1777 1222
1778 1221
1779 1220
1780 1219
1781 1218
1782 1217
1783 1216
1784 1215
1785 1214
1786 1213
1787 1212
1788 1211
1789 1210
1790 1209
1791 1208
1792 1207
1793 1206
1794 1205
1795 1204
1796 1203
1797 1202
1798 1201
1799 1200
1800 1199
1801 1198
1802 1197
1803 1196
1804 1195
1805 1194
1806 1193
1807 1192
1808 1191
1809 1190
1810 1189
1811 1188
1812 1187
1813 1186
1814 1185
1815 1184
1816 1183
1817 1182
1818 1181
1819 1180
1820 1179
1821 1178
1822 1177
1823 1176
1824 1175
1825 1174
1826 1173
1827 1172
1828 1171
1829 1170
1830 1169
1831 1168
1832 1167
1833 1166
1834 1165
1835 1164
1836 1163
1837 1162
1838 1161
1839 1160
1840 1159
1841 1158
1842 1157
1843 1156
1844 1155
1845 1154
1846 1153
1847 1152
1848 1151
1849 1150
1850 1149
1851 1148
1852 1147
1853 1146
1854 1145
1855 1144
1856 1143
1857 1142
1858 1141
1859 1140
1860 1139
1861 1138
1862 1137
1863 1136
1864 1135
1865 1134
1866 1133
1867 1132
1868 1131
1869 1130
1870 1129
1871 1128
1872 1127
1873 1126
1874 1125
1875 1124
1876 1123
1877 1122
1878 1121
1879 1120
1880 1119
1881 1118
1882 1117
1883 1116
1884 1115
1885 1114
1886 1113
1887 1112
1888 1111
1889 1110
1890 1109
1891 1108
1892 1107
1893 1106
1894 1105
1895 1104
1896 1103
1897 1102
1898 1101
1899 1100
1900 1099
1901 1098
1902 1097
1903 1096
1904 1095
1905 1094
1906 1093
1907 1092
1908 1091
1909 1090
1910 1089
1911 1088
1912 1087
1913 1086
1914 1085
1915 1084
1916 1083
1917 1082
1918 1081
1919 1080
1920 1079
1921 1078
1922 1077
1923 1076
1924 1075
1925 1074
1926 1073
1927 1072
1928 1071
1929 1070
1930 1069
1931 1068
1932 1067
1933 1066
1934 1065
1935 1064
1936 1063
1937 1062
1938 1061
1939 1060
1940 1059
1941 1058
1942 1057
1943 1056
1944 1055
1945 1054
1946 1053
1947 1052
1948 1051
1949 1050
1950 1049
1951 1048
1952 1047
1953 1046
1954 1045
1955 1044
1956 1043
1957 1042
1958 1041
1959 1040
1960 1039
1961 1038
1962 1037
1963 1036
1964 1035
1965 1034
1966 1033
1967 1032
1968 1031
1969 1030
1970 1029
1971 1028
1972 1027
1973 1026
1974 1025
1975 1024
1976 1023
1977 1022
1978 1021
1979 1020
1980 1019
1981 1018
1982 1017
1983 1016
1984 1015
1985 1014
1986 1013
1987 1012
1988 1011
1989 1010
1990 1009
1991 1008
1992 1007
1993 1006
1994 1005
1995 1004
1996 1003
1997 1002
1998 1001
1999 1000
2000 999
2001 998
2002 997
2003 996
2004 995
2005 994
2006 993
2007 992
2008 991
2009 990
2010 989
2011 988
2012 987
2013 986
2014 985
2015 984
2016 983
2017 982
2018 981
2019 980
2020 979
2021 978
2022 977
2023 976
2024 975
2025 974
2026 973
2027 972
2028 971
2029 970
2030 969
2031 968
2032 967
2033 966
2034 965
2035 964
2036 963
2037 962
2038 961
2039 960
2040 959
2041 958
2042 957
2043 956
2044 955
2045 954
2046 953
2047 952
2048 951
2049 950
2050 949
2051 948
2052 947
2053 946
2054 945
2055 944
2056 943
2057 942
2058 941
2059 940
2060 939
2061 938
2062 937
2063 936
2064 935
2065 934
2066 933
2067 932
2068 931
2069 930
2070 929
2071 928
2072 927
2073 926
2074 925
2075 924
2076 923
2077 922
2078 921
2079 920
2080 919
2081 918
2082 917
2083 916
2084 915
2085 914
2086 913
2087 912
2088 911
2089 910
2090 909
2091 908
2092 907
2093 906
2094 905
2095 904
2096 903
2097 902
2098 901
2099 900
2100 899
2101 898
2102 897
2103 896
2104 895
2105 894
2106 893
2107 892
2108 891
2109 890
2110 889
2111 888
2112 887
2113 886
2114 885
2115 884
2116 883
2117 882
2118 881
2119 880
2120 879
2121 878
2122 877
2123 876
2124 875
2125 874
2126 873
2127 872
2128 871
2129 870
2130 869
2131 868
2132 867
2133 866
2134 865
2135 864
2136 863
2137 862
2138 861
2139 860
2140 859
2141 858
2142 857
2143 856
2144 855
2145 854
2146 853
2147 852
2148 851
2149 850
2150 849
2151 848
2152 847
2153 846
2154 845
2155 844
2156 843
2157 842
2158 841
2159 840
2160 839
2161 838
2162 837
2163 836
2164 835
2165 834
2166 833
2167 832
2168 831
2169 830
2170 829
2171 828
2172 827
2173 826
2174 825
2175 824
2176 823
2177 822
2178 821
2179 820
2180 819
2181 818
2182 817
2183 816
2184 815
2185 814
2186 813
2187 812
2188 811
2189 810
2190 809
2191 808
2192 807
2193 806
2194 805
2195 804
2196 803
2197 802
2198 801
2199 800
2200 799
2201 798
2202 797
2203 796
2204 795
2205 794
2206 793
2207 792
2208 791
2209 790
2210 789
2211 788
2212 787
2213 786
2214 785
2215 784
2216 783
2217 782
2218 781
2219 780
2220 779
2221 778
2222 777
2223 776
2224 775
2225 774
2226 773
2227 772
2228 771
2229 770
2230 769
2231 768
2232 767
2233 766
2234 765
2235 764
2236 763
2237 762
2238 761
2239 760
2240 759
2241 758
2242 757
2243 756
2244 755
2245 754
2246 753
2247 752
2248 751
2249 750
2250 749
2251 748
2252 747
2253 746
2254 745
2255 744
2256 743
2257 742
2258 741
2259 740
2260 739
2261 738
2262 737
2263 736
2264 735
2265 734
2266 733
2267 732
2268 731
2269 730
2270 729
2271 728
2272 727
2273 726
2274 725
2275 724
2276 723
2277 722
2278 721
2279 720
2280 719
2281 718
2282 717
2283 716
2284 715
2285 714
2286 713
2287 712
2288 711
2289 710
2290 709
2291 708
2292 707
2293 706
2294 705
2295 704
2296 703
2297 702
2298 701
2299 700
2300 699
2301 698
2302 697
2303 696
2304 695
2305 694
2306 693
2307 692
2308 691
2309 690
2310 689
2311 688
2312 687
2313 686
2314 685
2315 684
2316 683
2317 682
2318 681
2319 680
2320 679
2321 678
2322 677
2323 676
2324 675
2325 674
2326 673
2327 672
2328 671
2329 670
2330 669
2331 668
2332 667
2333 666
2334 665
2335 664
2336 663
2337 662
2338 661
2339 660
2340 659
2341 658
2342 657
2343 656
2344 655
2345 654
2346 653
2347 652
2348 651
2349 650
2350 649
2351 648
2352 647
2353 646
2354 645
2355 644
2356 643
2357 642
2358 641
2359 640
2360 639
2361 638
2362 637
2363 636
2364 635
2365 634
2366 633
2367 632
2368 631
2369 630
2370 629
2371 628
2372 627
2373 626
2374 625
2375 624
2376 623
2377 622
2378 621
2379 620
2380 619
2381 618
2382 617
2383 616
2384 615
2385 614
2386 613
2387 612
2388 611
2389 610
2390 609
2391 608
2392 607
2393 606
2394 605
2395 604
2396 603
2397 602
2398 601
2399 600
2400 599
2401 598
2402 597
2403 596
2404 595
2405 594
2406 593
2407 592
2408 591
2409 590
2410 589
2411 588
2412 587
2413 586
2414 585
2415 584
2416 583
2417 582
2418 581
2419 580
2420 579
2421 578
2422 577
2423 576
2424 575
2425 574
2426 573
2427 572
2428 571
2429 570
2430 569
2431 568
2432 567
2433 566
2434 565
2435 564
2436 563
2437 562
2438 561
2439 560
2440 559
2441 558
2442 557
2443 556
2444 555
2445 554
2446 553
2447 552
2448 551
2449 550
2450 549
2451 548
2452 547
2453 546
2454 545
2455 544
2456 543
2457 542
2458 541
2459 540
2460 539
2461 538
2462 537
2463 536
2464 535
2465 534
2466 533
2467 532
2468 531
2469 530
2470 529
2471 528
2472 527
2473 526
2474 525
2475 524
2476 523
2477 522
2478 521
2479 520
2480 519
2481 518
2482 517
2483 516
2484 515
2485 514
2486 513
2487 512
2488 511
2489 510
2490 509
2491 508
2492 507
2493 506
2494 505
2495 504
2496 503
2497 502
2498 501
2499 500
2500 499
2501 498
2502 497
2503 496
2504 495
2505 494
2506 493
2507 492
2508 491
2509 490
2510 489
2511 488
2512 487
2513 486
2514 485
2515 484
2516 483
2517 482
2518 481
2519 480
2520 479
2521 478
2522 477
2523 476
2524 475
2525 474
2526 473
2527 472
2528 471
2529 470
2530 469
2531 468
2532 467
2533 466
2534 465
2535 464
2536 463
2537 462
2538 461
2539 460
2540 459
2541 458
2542 457
2543 456
2544 455
2545 454
2546 453
2547 452
2548 451
2549 450
2550 449
2551 448
2552 447
2553 446
2554 445
2555 444
2556 443
2557 442
2558 441
2559 440
2560 439
2561 438
2562 437
2563 436
2564 435
2565 434
2566 433
2567 432
2568 431
2569 430
2570 429
2571 428
2572 427
2573 426
2574 425
2575 424
2576 423
2577 422
2578 421
2579 420
2580 419
2581 418
2582 417
2583 416
2584 415
2585 414
2586 413
2587 412
2588 411
2589 410
2590 409
2591 408
2592 407
2593 406
2594 405
2595 404
2596 403
2597 402
2598 401
2599 400
2600 399
2601 398
2602 397
2603 396
2604 395
2605 394
2606 393
2607 392
2608 391
2609 390
2610 389
2611 388
2612 387
2613 386
2614 385
2615 384
2616 383
2617 382
2618 381
2619 380
2620 379
2621 378
2622 377
2623 376
2624 375
2625 374
2626 373
2627 372
2628 371
2629 370
2630 369
2631 368
2632 367
2633 366
2634 365
2635 364
2636 363
2637 362
2638 361
2639 360
2640 359
2641 358
2642 357
2643 356
2644 355
2645 354
2646 353
2647 352
2648 351
2649 350
2650 349
2651 348
2652 347
2653 346
2654 345
2655 344
2656 343
2657 342
2658 341
2659 340
2660 339
2661 338
2662 337
2663 336
2664 335
2665 334
2666 333
2667 332
2668 331
2669 330
2670 329
2671 328
2672 327
2673 326
2674 325
2675 324
2676 323
2677 322
2678 321
2679 320
2680 319
2681 318
2682 317
2683 316
2684 315
2685 314
2686 313
2687 312
2688 311
2689 310
2690 309
2691 308
2692 307
2693 306
2694 305
2695 304
2696 303
2697 302
2698 301
2699 300
2700 299
2701 298
2702 297
2703 296
2704 295
2705 294
2706 293
2707 292
2708 291
2709 290
2710 289
2711 288
2712 287
2713 286
2714 285
2715 284
2716 283
2717 282
2718 281
2719 280
2720 279
2721 278
2722 277
2723 276
2724 275
2725 274
2726 273
2727 272
2728 271
2729 270
2730 269
2731 268
2732 267
2733 266
2734 265
2735 264
2736 263
2737 262
2738 261
2739 260
2740 259
2741 258
2742 257
2743 256
2744 255
2745 254
2746 253
2747 252
2748 251
2749 250
2750 249
2751 248
2752 247
2753 246
2754 245
2755 244
2756 243
2757 242
2758 241
2759 240
2760 239
2761 238
2762 237
2763 236
2764 235
2765 234
2766 233
2767 232
2768 231
2769 230
2770 229
2771 228
2772 227
2773 226
2774 225
2775 224
2776 223
2777 222
2778 221
2779 220
2780 219
2781 218
2782 217
2783 216
2784 215
2785 214
2786 213
2787 212
2788 211
2789 210
2790 209
2791 208
2792 207
2793 206
2794 205
2795 204
2796 203
2797 202
2798 201
2799 200
2800 199
2801 198
2802 197
2803 196
2804 195
2805 194
2806 193
2807 192
2808 191
2809 190
2810 189
2811 188
2812 187
2813 186
2814 185
2815 184
2816 183
2817 182
2818 181
2819 180
2820 179
2821 178
2822 177
2823 176
2824 175
2825 174
2826 173
2827 172
2828 171
2829 170
2830 169
2831 168
2832 167
2833 166
2834 165
2835 164
2836 163
2837 162
2838 161
2839 160
2840 159
2841 158
2842 157
2843 156
2844 155
2845 154
2846 153
2847 152
2848 151
2849 150
2850 149
2851 148
2852 147
2853 146
2854 145
2855 144
2856 143
2857 142
2858 141
2859 140
2860 139
2861 138
2862 137
2863 136
2864 135
2865 134
2866 133
2867 132
2868 131
2869 130
2870 129
2871 128
2872 127
2873 126
2874 125
2875 124
2876 123
2877 122
2878 121
2879 120
2880 119
2881 118
2882 117
2883 116
2884 115
2885 114
2886 113
2887 112
2888 111
2889 110
2890 109
2891 108
2892 107
2893 106
2894 105
2895 104
2896 103
2897 102
2898 101
2899 100
2900 99
2901 98
2902 97
2903 96
2904 95
2905 94
2906 93
2907 92
2908 91
2909 90
2910 89
2911 88
2912 87
2913 86
2914 85
2915 84
2916 83
2917 82
2918 81
2919 80
2920 79
2921 78
2922 77
2923 76
2924 75
2925 74
2926 73
2927 72
2928 71
2929 70
2930 69
2931 68
2932 67
2933 66
2934 65
2935 64
2936 63
2937 62
2938 61
2939 60
2940 59
2941 58
2942 57
2943 56
2944 55
2945 54
2946 53
2947 52
2948 51
2949 50
2950 49
2951 48
2952 47
2953 46
2954 45
2955 44
2956 43
2957 42
2958 41
2959 40
2960 39
2961 38
2962 37
2963 36
2964 35
2965 34
2966 33
2967 32
2968 31
2969 30
2970 29
2971 28
2972 27
2973 26
2974 25
2975 24
2976 23
2977 22
2978 21
2979 20
2980 19
2981 18
2982 17
2983 16
2984 15
2985 14
2986 13
2987 12
2988 11
2989 10
2990 9
2991 8
2992 7
2993 6
2994 5
2995 4
2996 3
2997 2
2998 1
2999 0
