352
253 235
517 283
1042 893
1085 843
1235 1202
1245 1170
1343 1098
1887 1591
1915 1498
1967 1460
2116 1404
2146 832
3009 2806
3296 3128
3424 3411
3436 3431
3860 3628
3869 3476
4040 3886
4422 4298
4451 4239
4554 4452
4851 4736
4866 4574
4957 4911
5003 4571
5052 3458
5053 3452
5221 5156
5309 5079
5313 3397
5391 3120
5414 3119
5710 5694
5711 5465
5742 3107
5759 3048
5826 3024
5989 5945
6024 2788
6075 2774
6100 2686
6263 6237
6365 2636
6521 6392
6599 2601
6679 6672
6747 2418
6767 2409
6772 2393
6814 2296
6831 2176
6880 768
6891 715
6916 699
6924 6923
6979 632
7019 613
7051 7024
7073 599
7340 7318
7422 7417
7547 7416
8126 8027
8241 8137
8246 8001
8278 7941
8391 7837
8922 8907
9290 9179
9429 9330
9430 9110
9493 8962
9526 8904
9721 9535
9825 8853
10076 8647
10094 8594
10217 10106
10236 8528
10336 8526
10370 8515
10404 8476
10496 10468
10526 10429
10637 8453
10650 7762
10698 7759
10794 7754
10841 7631
10853 7586
10921 7378
11049 7288
11301 11284
11324 11143
11622 11573
11943 11775
11992 11960
12019 12007
12211 12092
12377 12347
12443 12323
12446 12227
12580 11713
12601 11689
12685 11677
12940 12889
13006 13003
13244 13186
14016 13734
14034 14020
14285 14188
14458 14412
14576 14383
14756 14377
14809 14162
14855 14131
14912 14087
15045 15000
15050 14054
15137 13670
15139 13512
15156 15148
15206 13456
15478 15384
15488 13411
15617 13358
15766 13342
16060 16028
16158 16013
16405 16306
16421 16199
16518 16197
16558 16186
16568 15882
16635 15804
16696 15788
16731 13319
16887 16866
16998 16850
17085 16816
17133 16749
17169 13318
17287 13296
17288 13156
17341 13124
17373 12862
17623 17401
17681 17389
17693 12815
17696 12690
17729 11658
17834 17811
17915 17858
18168 18066
18371 18171
18385 18061
18654 18466
18739 18454
18876 18396
18913 18047
19129 19025
19150 18926
19274 18032
19598 19419
19689 19374
19785 19338
19860 18017
19987 19891
20060 18009
20075 17733
20218 11552
20276 20227
20333 11530
20408 11503
20476 11465
20546 20520
20637 11457
20696 11441
20766 20714
21121 20899
21335 21230
21395 20842
21413 20780
21641 21514
21782 21481
21833 21470
21937 21445
21939 11339
21973 11133
22057 11132
22071 7273
22075 7256
22103 7100
22123 528
22145 277
22582 22563
22643 22547
22699 22413
22724 22407
22890 22854
23273 23223
23447 23195
23666 23465
23680 23188
23768 23717
23802 23121
23840 23105
23883 23053
24139 23934
24293 24154
24888 24800
24958 24952
25246 25136
25402 25131
25415 24966
25455 24908
25500 24746
25620 24725
25729 24659
25765 24467
25939 24390
25950 24346
26234 26145
26235 26136
26338 26050
26364 26034
26507 25987
26516 24297
26530 24295
26545 26538
26745 26599
26866 26556
26914 22972
26917 22831
27292 27218
27879 27377
28159 28089
28304 28013
28320 27896
28714 28470
28792 28416
28948 28901
28970 28323
28996 27351
29193 29068
29208 29067
29264 29041
29385 27321
29395 27311
29407 27190
29582 29450
29655 29431
29676 29411
29692 27133
29730 29697
29836 27039
29848 22798
29913 29856
29959 22753
30048 30027
30107 30064
30446 30336
30494 30113
30531 30015
30611 29998
30743 30657
30941 30928
31076 31031
31373 31018
31392 30944
31961 31831
32038 31979
32148 31757
32312 32152
32349 31724
32637 32524
32747 31672
32927 32763
33307 33190
33340 32996
33487 33404
33509 33388
33512 32973
33520 32939
33540 31635
33593 31614
33661 31596
33751 30864
33763 30796
33778 30639
33827 29964
33845 22378
33846 22260
33864 22196
33990 33888
34048 33870
34083 22178
34117 261
34165 260
34474 34310
34586 34295
34809 34779
35014 34928
35023 34862
35428 35227
35607 35533
35911 35778
35949 35742
36010 35699
36042 35681
36140 35493
36322 36153
36351 35175
36814 36712
36902 36642
36928 36576
36971 36428
37017 36424
37148 36411
37307 37258
37318 37169
37497 37391
37500 37367
37563 37321
37578 35169
37616 35099
37618 34711
37704 34706
37725 34587
37774 34288
37792 34258
37841 34254
38095 37972
38171 37886
38213 34251
38259 34248
38401 34237
38613 38454
38620 38440
38781 38641
38944 38938
39267 39046
39330 38961
39336 38932
39457 39344
39582 38635
39586 34231
39600 213
39620 94
39665 51
39864 39708
